This is pdfTeX, Version 3.1415926-2.3-1.40.12 (MiKTeX 2.9) (preloaded format=pdflatex 2020.2.22)  10 APR 2020 20:32
entering extended mode
**solution2.tex

("D:\School Work\Â§ßÂ≠¶\Â§ß‰∫å\Â§ß‰∫åÁÆóÊ≥ïËÆæËÆ°‰∏éÂàÜÊûê\‰π†È¢ò‰Ωú‰∏ö\ÁéãÂÆèÂ
øó\Á¨¨‰∫åËØæ\LaTeX\solution2.tex"
LaTeX2e <2011/06/27>
Babel <v3.8m> and hyphenation patterns for loaded.
(D:\High-levelSoftware\CTeX\MiKTeX\tex\latex\base\article.cls
Document Class: article 2007/10/19 v1.4h Standard LaTeX document class
(D:\High-levelSoftware\CTeX\MiKTeX\tex\latex\base\size12.clo
File: size12.clo 2007/10/19 v1.4h Standard LaTeX file (size option)
)
\c@part=\count79
\c@section=\count80
\c@subsection=\count81
\c@subsubsection=\count82
\c@paragraph=\count83
\c@subparagraph=\count84
\c@figure=\count85
\c@table=\count86
\abovecaptionskip=\skip41
\belowcaptionskip=\skip42
\bibindent=\dimen102
)
(D:\High-levelSoftware\CTeX\MiKTeX\tex\latex\graphics\graphicx.sty
Package: graphicx 1999/02/16 v1.0f Enhanced LaTeX Graphics (DPC,SPQR)

(D:\High-levelSoftware\CTeX\MiKTeX\tex\latex\graphics\keyval.sty
Package: keyval 1999/03/16 v1.13 key=value parser (DPC)
\KV@toks@=\toks14
)
(D:\High-levelSoftware\CTeX\MiKTeX\tex\latex\graphics\graphics.sty
Package: graphics 2009/02/05 v1.0o Standard LaTeX Graphics (DPC,SPQR)

(D:\High-levelSoftware\CTeX\MiKTeX\tex\latex\graphics\trig.sty
Package: trig 1999/03/16 v1.09 sin cos tan (DPC)
)
(D:\High-levelSoftware\CTeX\MiKTeX\tex\latex\00miktex\graphics.cfg
File: graphics.cfg 2007/01/18 v1.5 graphics configuration of teTeX/TeXLive
)
Package graphics Info: Driver file: pdftex.def on input line 91.

(D:\High-levelSoftware\CTeX\MiKTeX\tex\latex\pdftex-def\pdftex.def
File: pdftex.def 2011/05/27 v0.06d Graphics/color for pdfTeX

(D:\High-levelSoftware\CTeX\MiKTeX\tex\generic\oberdiek\infwarerr.sty
Package: infwarerr 2010/04/08 v1.3 Providing info/warning/message (HO)
)
(D:\High-levelSoftware\CTeX\MiKTeX\tex\generic\oberdiek\ltxcmds.sty
Package: ltxcmds 2011/04/18 v1.20 LaTeX kernel commands for general use (HO)
)
\Gread@gobject=\count87
))
\Gin@req@height=\dimen103
\Gin@req@width=\dimen104
)
(D:\High-levelSoftware\CTeX\MiKTeX\tex\latex\caption\caption.sty
Package: caption 2011/11/10 v3.2e Customizing captions (AR)

(D:\High-levelSoftware\CTeX\MiKTeX\tex\latex\caption\caption3.sty
Package: caption3 2011/11/01 v1.4a caption3 kernel (AR)
\captionmargin=\dimen105
\captionmargin@=\dimen106
\captionwidth=\dimen107
\caption@indent=\dimen108
\caption@parindent=\dimen109
\caption@hangindent=\dimen110
)
\c@ContinuedFloat=\count88
)
(D:\High-levelSoftware\CTeX\MiKTeX\tex\latex\caption\subcaption.sty
Package: subcaption 2011/10/30 v1.1c Sub-captions (AR)
\c@subfigure=\count89
\c@subtable=\count90
)
(D:\High-levelSoftware\CTeX\MiKTeX\tex\latex\tools\indentfirst.sty
Package: indentfirst 1995/11/23 v1.03 Indent first paragraph (DPC)
)
(D:\High-levelSoftware\CTeX\MiKTeX\tex\latex\fancyhdr\fancyhdr.sty
\fancy@headwidth=\skip43
\f@ncyO@elh=\skip44
\f@ncyO@erh=\skip45
\f@ncyO@olh=\skip46
\f@ncyO@orh=\skip47
\f@ncyO@elf=\skip48
\f@ncyO@erf=\skip49
\f@ncyO@olf=\skip50
\f@ncyO@orf=\skip51
)
(D:\High-levelSoftware\CTeX\MiKTeX\tex\latex\biblatex\biblatex.sty
Package: biblatex 2011/11/13 v1.7 programmable bibliographies

(D:\High-levelSoftware\CTeX\MiKTeX\tex\latex\etoolbox\etoolbox.sty
Package: etoolbox 2011/01/03 v2.1 e-TeX tools for LaTeX

(D:\High-levelSoftware\CTeX\MiKTeX\tex\latex\misc\etex.sty
Package: etex 1998/03/26 v2.0 eTeX basic definition package (PEB)
\et@xins=\count91
)
\etb@tempcnta=\count92
)
(D:\High-levelSoftware\CTeX\MiKTeX\tex\latex\logreq\logreq.sty
Package: logreq 2010/08/04 v1.0 xml request logger
\lrq@indent=\count93

(D:\High-levelSoftware\CTeX\MiKTeX\tex\latex\logreq\logreq.def
File: logreq.def 2010/08/04 v1.0 logreq spec v1.0
))
(D:\High-levelSoftware\CTeX\MiKTeX\tex\latex\base\ifthen.sty
Package: ifthen 2001/05/26 v1.1c Standard LaTeX ifthen package (DPC)
)
(D:\High-levelSoftware\CTeX\MiKTeX\tex\latex\ltxmisc\url.sty
\Urlmuskip=\muskip10
Package: url 2006/04/12  ver 3.3  Verb mode for urls, etc.
)
\c@listtotal=\count94
\c@listcount=\count95
\c@liststart=\count96
\c@liststop=\count97
\c@citecount=\count98
\c@citetotal=\count99
\c@multicitecount=\count100
\c@multicitetotal=\count101
\c@instcount=\count102
\c@maxnames=\count103
\c@minnames=\count104
\c@maxitems=\count105
\c@minitems=\count106
\c@citecounter=\count107
\c@savedcitecounter=\count108
\c@uniquelist=\count109
\c@uniquename=\count110
\c@refsection=\count111
\c@refsegment=\count112
\c@maxextrayear=\count113
\c@maxextraalpha=\count114
\c@abbrvpenalty=\count115
\c@highnamepenalty=\count116
\c@lownamepenalty=\count117
\c@maxparens=\count118
\c@parenlevel=\count119
\blx@tempcnta=\count120
\blx@tempcntb=\count121
\blx@tempcntc=\count122
\blx@maxsection=\count123
\blx@maxsegment=\count124
\blx@notetype=\count125
\blx@parenlevel@text=\count126
\blx@parenlevel@foot=\count127
\labelnumberwidth=\skip52
\labelalphawidth=\skip53
\shorthandwidth=\skip54
\biblabelsep=\skip55
\bibitemsep=\skip56
\bibnamesep=\skip57
\bibinitsep=\skip58
\bibparsep=\skip59
\bibhang=\skip60
\blx@auxin=\read1
\blx@auxout=\write3
\c@mincomprange=\count128
\c@maxcomprange=\count129
\c@mincompwidth=\count130
\c@labelname=\count131
\c@savedlabelname=\count132
\c@author=\count133
\c@savedauthor=\count134
\c@shortauthor=\count135
\c@savedshortauthor=\count136
\c@editor=\count137
\c@savededitor=\count138
\c@editora=\count139
\c@savededitora=\count140
\c@editorb=\count141
\c@savededitorb=\count142
\c@editorc=\count143
\c@savededitorc=\count144
\c@shorteditor=\count145
\c@savedshorteditor=\count146
\c@bookauthor=\count147
\c@savedbookauthor=\count148
\c@translator=\count149
\c@savedtranslator=\count150
\c@annotator=\count151
\c@savedannotator=\count152
\c@commentator=\count153
\c@savedcommentator=\count154
\c@introduction=\count155
\c@savedintroduction=\count156
\c@foreword=\count157
\c@savedforeword=\count158
\c@afterword=\count159
\c@savedafterword=\count160
\c@holder=\count161
\c@savedholder=\count162
\c@namea=\count163
\c@savednamea=\count164
\c@nameb=\count165
\c@savednameb=\count166
\c@namec=\count167
\c@savednamec=\count168
\c@institution=\count169
\c@savedinstitution=\count170
\c@language=\count171
\c@savedlanguage=\count172
\c@location=\count173
\c@savedlocation=\count174
\c@organization=\count175
\c@savedorganization=\count176
\c@origlocation=\count177
\c@savedoriglocation=\count178
\c@origpublisher=\count179
\c@savedorigpublisher=\count180
\c@pageref=\count181
\c@savedpageref=\count182
\c@publisher=\count183
\c@savedpublisher=\count184
\c@lista=\count185
\c@savedlista=\count186
\c@listb=\count187
\c@savedlistb=\count188
\c@listc=\count189
\c@savedlistc=\count190
\c@listd=\count191
\c@savedlistd=\count192
\c@liste=\count193
\c@savedliste=\count194
\c@listf=\count195
\c@savedlistf=\count196
Package biblatex Info: Trying to load compatibility code...
Package biblatex Info: ... file 'blx-compat.def' found.

(D:\High-levelSoftware\CTeX\MiKTeX\tex\latex\biblatex\blx-compat.def
File: blx-compat.def 2011/11/13 v1.7 biblatex generic compatibility
)
Package biblatex Info: Trying to load generic definitions...
Package biblatex Info: ... file 'biblatex.def' found.

(D:\High-levelSoftware\CTeX\MiKTeX\tex\latex\biblatex\biblatex.def
File: biblatex.def 2011/11/13 v1.7 biblatex generic definitions
\c@biburlnumpenalty=\count197
\c@biburlucpenalty=\count198
\c@biburllcpenalty=\count199
\c@smartand=\count200
)
Package biblatex Info: Trying to load bibliography style 'numeric'...
Package biblatex Info: ... file 'numeric.bbx' found.

(D:\High-levelSoftware\CTeX\MiKTeX\tex\latex\biblatex\bbx\numeric.bbx
File: numeric.bbx 2011/11/13 v1.7 biblatex bibliography style
Package biblatex Info: Trying to load bibliography style 'standard'...
Package biblatex Info: ... file 'standard.bbx' found.

(D:\High-levelSoftware\CTeX\MiKTeX\tex\latex\biblatex\bbx\standard.bbx
File: standard.bbx 2011/11/13 v1.7 biblatex bibliography style
))
Package biblatex Info: Trying to load citation style 'numeric'...
Package biblatex Info: ... file 'numeric.cbx' found.

(D:\High-levelSoftware\CTeX\MiKTeX\tex\latex\biblatex\cbx\numeric.cbx
File: numeric.cbx 2011/11/13 v1.7 biblatex citation style
Package biblatex Info: Redefining '\cite'.
Package biblatex Info: Redefining '\parencite'.
Package biblatex Info: Redefining '\footcite'.
Package biblatex Info: Redefining '\footcitetext'.
Package biblatex Info: Redefining '\smartcite'.
Package biblatex Info: Redefining '\textcite'.
Package biblatex Info: Redefining '\supercite'.
Package biblatex Info: Redefining '\cites'.
Package biblatex Info: Redefining '\parencites'.
Package biblatex Info: Redefining '\smartcites'.
)
Package biblatex Info: Trying to load configuration file...
Package biblatex Info: ... file 'biblatex.cfg' found.

(D:\High-levelSoftware\CTeX\MiKTeX\tex\latex\biblatex\biblatex.cfg
File: biblatex.cfg 
))
(D:\High-levelSoftware\CTeX\MiKTeX\tex\latex\lastpage\lastpage.sty
Package: lastpage 2011/09/01 v1.2k Refers to last page's name (HMM; JPG)
)
(D:\High-levelSoftware\CTeX\MiKTeX\tex\latex\geometry\geometry.sty
Package: geometry 2010/09/12 v5.6 Page Geometry

(D:\High-levelSoftware\CTeX\MiKTeX\tex\generic\oberdiek\ifpdf.sty
Package: ifpdf 2011/01/30 v2.3 Provides the ifpdf switch (HO)
Package ifpdf Info: pdfTeX in PDF mode is detected.
)
(D:\High-levelSoftware\CTeX\MiKTeX\tex\generic\oberdiek\ifvtex.sty
Package: ifvtex 2010/03/01 v1.5 Switches for detecting VTeX and its modes (HO)
Package ifvtex Info: VTeX not detected.
)
(D:\High-levelSoftware\CTeX\MiKTeX\tex\generic\ifxetex\ifxetex.sty
Package: ifxetex 2010/09/12 v0.6 Provides ifxetex conditional
)
\Gm@cnth=\count201
\Gm@cntv=\count202
\c@Gm@tempcnt=\count203
\Gm@bindingoffset=\dimen111
\Gm@wd@mp=\dimen112
\Gm@odd@mp=\dimen113
\Gm@even@mp=\dimen114
\Gm@layoutwidth=\dimen115
\Gm@layoutheight=\dimen116
\Gm@layouthoffset=\dimen117
\Gm@layoutvoffset=\dimen118
\Gm@dimlist=\toks15

(D:\High-levelSoftware\CTeX\MiKTeX\tex\latex\geometry\geometry.cfg)

Package geometry Warning: Over-specification in `h'-direction.
    `width' (426.79134pt) is ignored.

) (D:\High-levelSoftware\CTeX\MiKTeX\tex\latex\float\float.sty
Package: float 2001/11/08 v1.3d Float enhancements (AL)
\c@float@type=\count204
\float@exts=\toks16
\float@box=\box26
\@float@everytoks=\toks17
\@floatcapt=\box27
)
(D:\High-levelSoftware\CTeX\MiKTeX\tex\latex\placeins\placeins.sty
Package: placeins 2005/04/18  v 2.2
)
(D:\High-levelSoftware\CTeX\MiKTeX\tex\latex\ams\math\amsmath.sty
Package: amsmath 2000/07/18 v2.13 AMS math features
\@mathmargin=\skip61

For additional information on amsmath, use the `?' option.
(D:\High-levelSoftware\CTeX\MiKTeX\tex\latex\ams\math\amstext.sty
Package: amstext 2000/06/29 v2.01

(D:\High-levelSoftware\CTeX\MiKTeX\tex\latex\ams\math\amsgen.sty
File: amsgen.sty 1999/11/30 v2.0
\@emptytoks=\toks18
\ex@=\dimen119
))
(D:\High-levelSoftware\CTeX\MiKTeX\tex\latex\ams\math\amsbsy.sty
Package: amsbsy 1999/11/29 v1.2d
\pmbraise@=\dimen120
)
(D:\High-levelSoftware\CTeX\MiKTeX\tex\latex\ams\math\amsopn.sty
Package: amsopn 1999/12/14 v2.01 operator names
)
\inf@bad=\count205
LaTeX Info: Redefining \frac on input line 211.
\uproot@=\count206
\leftroot@=\count207
LaTeX Info: Redefining \overline on input line 307.
\classnum@=\count208
\DOTSCASE@=\count209
LaTeX Info: Redefining \ldots on input line 379.
LaTeX Info: Redefining \dots on input line 382.
LaTeX Info: Redefining \cdots on input line 467.
\Mathstrutbox@=\box28
\strutbox@=\box29
\big@size=\dimen121
LaTeX Font Info:    Redeclaring font encoding OML on input line 567.
LaTeX Font Info:    Redeclaring font encoding OMS on input line 568.
\macc@depth=\count210
\c@MaxMatrixCols=\count211
\dotsspace@=\muskip11
\c@parentequation=\count212
\dspbrk@lvl=\count213
\tag@help=\toks19
\row@=\count214
\column@=\count215
\maxfields@=\count216
\andhelp@=\toks20
\eqnshift@=\dimen122
\alignsep@=\dimen123
\tagshift@=\dimen124
\tagwidth@=\dimen125
\totwidth@=\dimen126
\lineht@=\dimen127
\@envbody=\toks21
\multlinegap=\skip62
\multlinetaggap=\skip63
\mathdisplay@stack=\toks22
LaTeX Info: Redefining \[ on input line 2666.
LaTeX Info: Redefining \] on input line 2667.
)
(D:\High-levelSoftware\CTeX\MiKTeX\tex\latex\ctex\ctex.sty
Package: ctex 2011/03/11 v1.02c ctex macros package

(D:\High-levelSoftware\CTeX\MiKTeX\tex\latex\ctex\opt\ctex-common-opts.def)
(D:\High-levelSoftware\CTeX\CTeX\tex\latex\ctex\cfg\ctexopts.cfg)
(D:\High-levelSoftware\CTeX\MiKTeX\tex\latex\ctex\def\ctex-common.def
(D:\High-levelSoftware\CTeX\MiKTeX\tex\latex\l3kernel\expl3.sty
(D:\High-levelSoftware\CTeX\MiKTeX\tex\latex\l3kernel\l3names.sty
(D:\High-levelSoftware\CTeX\MiKTeX\tex\latex\l3kernel\l3bootstrap.sty
Package: l3bootstrap 2011/12/29 v3110 L3 Experimental bootstrap code
)
Package: l3names 2011/12/30 v3113 L3 Experimental namespace for primitives
)
Package: expl3 2012/02/26 v3471 L3 Experimental code bundle wrapper

(D:\High-levelSoftware\CTeX\MiKTeX\tex\latex\graphics\color.sty
Package: color 2005/11/14 v1.0j Standard LaTeX Color (DPC)

(D:\High-levelSoftware\CTeX\MiKTeX\tex\latex\00miktex\color.cfg
File: color.cfg 2007/01/18 v1.5 color configuration of teTeX/TeXLive
)
Package color Info: Driver file: pdftex.def on input line 130.
)
(D:\High-levelSoftware\CTeX\MiKTeX\tex\latex\l3kernel\l3basics.sty
Package: l3basics 2012/02/26 v3460 L3 Experimental basic definitions
)
(D:\High-levelSoftware\CTeX\MiKTeX\tex\latex\l3kernel\l3expan.sty
Package: l3expan 2012/02/26 v3460 L3 Experimental argument expansion
)
(D:\High-levelSoftware\CTeX\MiKTeX\tex\latex\l3kernel\l3tl.sty
Package: l3tl 2012/02/26 v3460 L3 Experimental token lists
)
(D:\High-levelSoftware\CTeX\MiKTeX\tex\latex\l3kernel\l3seq.sty
Package: l3seq 2012/01/09 v3158 L3 Experimental sequences and stacks
)
(D:\High-levelSoftware\CTeX\MiKTeX\tex\latex\l3kernel\l3int.sty
Package: l3int 2012/02/26 v3460 L3 Experimental integers
Normal \count register pool exhausted, switching to extended pool.
\c_max_int=\count277
\l_tmpa_int=\count278
\l_tmpb_int=\count279
\l_tmpc_int=\count280
\g_tmpa_int=\count281
\g_tmpb_int=\count282
)
(D:\High-levelSoftware\CTeX\MiKTeX\tex\latex\l3kernel\l3quark.sty
Package: l3quark 2012/02/12 v3384 L3 Experimental quarks
)
(D:\High-levelSoftware\CTeX\MiKTeX\tex\latex\l3kernel\l3prg.sty
Package: l3prg 2012/02/26 v3464 L3 Experimental control structures
\g_prg_map_int=\count283
)
(D:\High-levelSoftware\CTeX\MiKTeX\tex\latex\l3kernel\l3clist.sty
Package: l3clist 2012/02/26 v3460 L3 Experimental comma separated lists
)
(D:\High-levelSoftware\CTeX\MiKTeX\tex\latex\l3kernel\l3token.sty
Package: l3token 2012/02/26 v3460 L3 Experimental token manipulation
)
(D:\High-levelSoftware\CTeX\MiKTeX\tex\latex\l3kernel\l3prop.sty
Package: l3prop 2012/02/26 v3460 L3 Experimental property lists
)
(D:\High-levelSoftware\CTeX\MiKTeX\tex\latex\l3kernel\l3msg.sty
Package: l3msg 2012/02/26 v3470 L3 Experimental messages
)
(D:\High-levelSoftware\CTeX\MiKTeX\tex\latex\l3kernel\l3file.sty
Package: l3file 2012/02/26 v3464 L3 Experimental file and I/O operations
\l_iow_stream_int=\count284
\l_iow_line_length_int=\count285
\l_iow_target_length_int=\count286
\l_iow_current_line_int=\count287
\l_iow_current_word_int=\count288
\l_iow_current_indentation_int=\count289
)
(D:\High-levelSoftware\CTeX\MiKTeX\tex\latex\l3kernel\l3skip.sty
Package: l3skip 2012/02/26 v3460 L3 Experimental dimensions and skips
\l_tmpa_dim=\dimen128
\l_tmpb_dim=\dimen129
\l_tmpc_dim=\dimen130
\g_tmpa_dim=\dimen131
\g_tmpb_dim=\dimen132
\l_tmpa_skip=\skip64
\l_tmpb_skip=\skip65
\l_tmpc_skip=\skip66
\g_tmpa_skip=\skip67
\g_tmpb_skip=\skip68
)
(D:\High-levelSoftware\CTeX\MiKTeX\tex\latex\l3kernel\l3keys.sty
Package: l3keys 2011/12/22 v3086 L3 Experimental key-value interfaces
\g_keyval_level_int=\count290
\l_keys_choice_int=\count291
)
(D:\High-levelSoftware\CTeX\MiKTeX\tex\latex\l3kernel\l3fp.sty
Package: l3fp 2012/02/06 v3315 L3 Experimental floating-point operations
\c_one_million=\count292
\c_one_hundred_million=\count293
\c_five_hundred_million=\count294
\c_one_thousand_million=\count295
\c_fp_pi_by_four_decimal_int=\count296
\c_fp_pi_by_four_extended_int=\count297
\c_fp_pi_decimal_int=\count298
\c_fp_pi_extended_int=\count299
\c_fp_two_pi_decimal_int=\count300
\c_fp_two_pi_extended_int=\count301
\l_fp_count_int=\count302
\l_fp_div_offset_int=\count303
\l_fp_exp_integer_int=\count304
\l_fp_exp_decimal_int=\count305
\l_fp_exp_extended_int=\count306
\l_fp_exp_exponent_int=\count307
\l_fp_input_a_sign_int=\count308
\l_fp_input_a_integer_int=\count309
\l_fp_input_a_decimal_int=\count310
\l_fp_input_a_exponent_int=\count311
\l_fp_input_b_sign_int=\count312
\l_fp_input_b_integer_int=\count313
\l_fp_input_b_decimal_int=\count314
\l_fp_input_b_exponent_int=\count315
\l_fp_input_a_extended_int=\count316
\l_fp_input_b_extended_int=\count317
\l_fp_mul_a_i_int=\count318
\l_fp_mul_a_ii_int=\count319
\l_fp_mul_a_iii_int=\count320
\l_fp_mul_a_iv_int=\count321
\l_fp_mul_a_v_int=\count322
\l_fp_mul_a_vi_int=\count323
\l_fp_mul_b_i_int=\count324
\l_fp_mul_b_ii_int=\count325
\l_fp_mul_b_iii_int=\count326
\l_fp_mul_b_iv_int=\count327
\l_fp_mul_b_v_int=\count328
\l_fp_mul_b_vi_int=\count329
\l_fp_mul_output_int=\count330
\l_fp_output_sign_int=\count331
\l_fp_output_integer_int=\count332
\l_fp_output_decimal_int=\count333
\l_fp_output_exponent_int=\count334
\l_fp_output_extended_int=\count335
\l_fp_round_position_int=\count336
\l_fp_round_target_int=\count337
\l_fp_split_sign_int=\count338
\l_fp_internal_int=\count339
\l_fp_trig_octant_int=\count340
\l_fp_trig_sign_int=\count341
\l_fp_trig_decimal_int=\count342
\l_fp_trig_extended_int=\count343
\l_fp_internal_dim=\dimen133
\l_fp_internal_skip=\skip69
)
(D:\High-levelSoftware\CTeX\MiKTeX\tex\latex\l3kernel\l3box.sty
Package: l3box 2012/02/18 v3432 L3 Experimental boxes
\l_tmpb_box=\box30
\l_box_top_dim=\dimen134
\l_box_bottom_dim=\dimen135
\l_box_left_dim=\dimen136
\l_box_right_dim=\dimen137
\l_box_top_new_dim=\dimen138
\l_box_bottom_new_dim=\dimen139
\l_box_left_new_dim=\dimen140
\l_box_right_new_dim=\dimen141
\l_box_internal_box=\box31
)
(D:\High-levelSoftware\CTeX\MiKTeX\tex\latex\l3kernel\l3coffins.sty
Package: l3coffins 2012/02/26 v3460 L3 Experimental coffin code layer
\l_coffin_internal_box=\box32
\l_coffin_internal_dim=\dimen142
\l_coffin_offset_x_dim=\dimen143
\l_coffin_offset_y_dim=\dimen144
\l_coffin_x_dim=\dimen145
\l_coffin_y_dim=\dimen146
\l_coffin_x_prime_dim=\dimen147
\l_coffin_y_prime_dim=\dimen148
\l_coffin_Depth_dim=\dimen149
\l_coffin_Height_dim=\dimen150
\l_coffin_TotalHeight_dim=\dimen151
\l_coffin_Width_dim=\dimen152
\c_empty_coffin=\box33
\l_coffin_aligned_coffin=\box34
\l_coffin_aligned_internal_coffin=\box35
\l_coffin_bounding_shift_dim=\dimen153
\l_coffin_left_corner_dim=\dimen154
\l_coffin_right_corner_dim=\dimen155
\l_coffin_bottom_corner_dim=\dimen156
\l_coffin_top_corner_dim=\dimen157
\l_coffin_scaled_total_height_dim=\dimen158
\l_coffin_scaled_width_dim=\dimen159
\l_coffin_display_coffin=\box36
\l_coffin_display_coord_coffin=\box37
\l_coffin_display_pole_coffin=\box38
\l_coffin_display_offset_dim=\dimen160
\l_coffin_display_x_dim=\dimen161
\l_coffin_display_y_dim=\dimen162
)
(D:\High-levelSoftware\CTeX\MiKTeX\tex\latex\l3kernel\l3color.sty
Package: l3color 2011/09/07 v2776 L3 Experimental colour support
)
(D:\High-levelSoftware\CTeX\MiKTeX\tex\latex\l3kernel\l3luatex.sty
Package: l3luatex 2012/02/09 v3355 L3 Experimental LuaTeX-specific functions
\g_cctab_allocate_int=\count344
\g_cctab_stack_int=\count345
))
(D:\High-levelSoftware\CTeX\MiKTeX\tex\latex\base\fix-cm.sty
Package: fix-cm 2006/09/13 v1.1m fixes to LaTeX

(D:\High-levelSoftware\CTeX\MiKTeX\tex\latex\base\ts1enc.def
File: ts1enc.def 2001/06/05 v3.0e (jk/car/fm) Standard LaTeX file
))
(D:\High-levelSoftware\CTeX\MiKTeX\tex\latex\ctex\engine\ctex-cjk-engine.def
(D:\High-levelSoftware\CTeX\MiKTeX\tex\latex\cjk\CJKutf8.sty
Package: CJKutf8 2008/12/29 4.8.2

(D:\High-levelSoftware\CTeX\MiKTeX\tex\latex\base\inputenc.sty
Package: inputenc 2008/03/30 v1.1d Input encoding file
\inpenc@prehook=\toks23
\inpenc@posthook=\toks24

(D:\High-levelSoftware\CTeX\MiKTeX\tex\latex\base\utf8.def
File: utf8.def 2008/04/05 v1.1m UTF-8 support for inputenc
Now handling font encoding OML ...
... no UTF-8 mapping file for font encoding OML
Now handling font encoding T1 ...
... processing UTF-8 mapping file for font encoding T1

(D:\High-levelSoftware\CTeX\MiKTeX\tex\latex\base\t1enc.dfu
File: t1enc.dfu 2008/04/05 v1.1m UTF-8 support for inputenc
   defining Unicode char U+00A1 (decimal 161)
   defining Unicode char U+00A3 (decimal 163)
   defining Unicode char U+00AB (decimal 171)
   defining Unicode char U+00BB (decimal 187)
   defining Unicode char U+00BF (decimal 191)
   defining Unicode char U+00C0 (decimal 192)
   defining Unicode char U+00C1 (decimal 193)
   defining Unicode char U+00C2 (decimal 194)
   defining Unicode char U+00C3 (decimal 195)
   defining Unicode char U+00C4 (decimal 196)
   defining Unicode char U+00C5 (decimal 197)
   defining Unicode char U+00C6 (decimal 198)
   defining Unicode char U+00C7 (decimal 199)
   defining Unicode char U+00C8 (decimal 200)
   defining Unicode char U+00C9 (decimal 201)
   defining Unicode char U+00CA (decimal 202)
   defining Unicode char U+00CB (decimal 203)
   defining Unicode char U+00CC (decimal 204)
   defining Unicode char U+00CD (decimal 205)
   defining Unicode char U+00CE (decimal 206)
   defining Unicode char U+00CF (decimal 207)
   defining Unicode char U+00D0 (decimal 208)
   defining Unicode char U+00D1 (decimal 209)
   defining Unicode char U+00D2 (decimal 210)
   defining Unicode char U+00D3 (decimal 211)
   defining Unicode char U+00D4 (decimal 212)
   defining Unicode char U+00D5 (decimal 213)
   defining Unicode char U+00D6 (decimal 214)
   defining Unicode char U+00D8 (decimal 216)
   defining Unicode char U+00D9 (decimal 217)
   defining Unicode char U+00DA (decimal 218)
   defining Unicode char U+00DB (decimal 219)
   defining Unicode char U+00DC (decimal 220)
   defining Unicode char U+00DD (decimal 221)
   defining Unicode char U+00DE (decimal 222)
   defining Unicode char U+00DF (decimal 223)
   defining Unicode char U+00E0 (decimal 224)
   defining Unicode char U+00E1 (decimal 225)
   defining Unicode char U+00E2 (decimal 226)
   defining Unicode char U+00E3 (decimal 227)
   defining Unicode char U+00E4 (decimal 228)
   defining Unicode char U+00E5 (decimal 229)
   defining Unicode char U+00E6 (decimal 230)
   defining Unicode char U+00E7 (decimal 231)
   defining Unicode char U+00E8 (decimal 232)
   defining Unicode char U+00E9 (decimal 233)
   defining Unicode char U+00EA (decimal 234)
   defining Unicode char U+00EB (decimal 235)
   defining Unicode char U+00EC (decimal 236)
   defining Unicode char U+00ED (decimal 237)
   defining Unicode char U+00EE (decimal 238)
   defining Unicode char U+00EF (decimal 239)
   defining Unicode char U+00F0 (decimal 240)
   defining Unicode char U+00F1 (decimal 241)
   defining Unicode char U+00F2 (decimal 242)
   defining Unicode char U+00F3 (decimal 243)
   defining Unicode char U+00F4 (decimal 244)
   defining Unicode char U+00F5 (decimal 245)
   defining Unicode char U+00F6 (decimal 246)
   defining Unicode char U+00F8 (decimal 248)
   defining Unicode char U+00F9 (decimal 249)
   defining Unicode char U+00FA (decimal 250)
   defining Unicode char U+00FB (decimal 251)
   defining Unicode char U+00FC (decimal 252)
   defining Unicode char U+00FD (decimal 253)
   defining Unicode char U+00FE (decimal 254)
   defining Unicode char U+00FF (decimal 255)
   defining Unicode char U+0102 (decimal 258)
   defining Unicode char U+0103 (decimal 259)
   defining Unicode char U+0104 (decimal 260)
   defining Unicode char U+0105 (decimal 261)
   defining Unicode char U+0106 (decimal 262)
   defining Unicode char U+0107 (decimal 263)
   defining Unicode char U+010C (decimal 268)
   defining Unicode char U+010D (decimal 269)
   defining Unicode char U+010E (decimal 270)
   defining Unicode char U+010F (decimal 271)
   defining Unicode char U+0110 (decimal 272)
   defining Unicode char U+0111 (decimal 273)
   defining Unicode char U+0118 (decimal 280)
   defining Unicode char U+0119 (decimal 281)
   defining Unicode char U+011A (decimal 282)
   defining Unicode char U+011B (decimal 283)
   defining Unicode char U+011E (decimal 286)
   defining Unicode char U+011F (decimal 287)
   defining Unicode char U+0130 (decimal 304)
   defining Unicode char U+0131 (decimal 305)
   defining Unicode char U+0132 (decimal 306)
   defining Unicode char U+0133 (decimal 307)
   defining Unicode char U+0139 (decimal 313)
   defining Unicode char U+013A (decimal 314)
   defining Unicode char U+013D (decimal 317)
   defining Unicode char U+013E (decimal 318)
   defining Unicode char U+0141 (decimal 321)
   defining Unicode char U+0142 (decimal 322)
   defining Unicode char U+0143 (decimal 323)
   defining Unicode char U+0144 (decimal 324)
   defining Unicode char U+0147 (decimal 327)
   defining Unicode char U+0148 (decimal 328)
   defining Unicode char U+014A (decimal 330)
   defining Unicode char U+014B (decimal 331)
   defining Unicode char U+0150 (decimal 336)
   defining Unicode char U+0151 (decimal 337)
   defining Unicode char U+0152 (decimal 338)
   defining Unicode char U+0153 (decimal 339)
   defining Unicode char U+0154 (decimal 340)
   defining Unicode char U+0155 (decimal 341)
   defining Unicode char U+0158 (decimal 344)
   defining Unicode char U+0159 (decimal 345)
   defining Unicode char U+015A (decimal 346)
   defining Unicode char U+015B (decimal 347)
   defining Unicode char U+015E (decimal 350)
   defining Unicode char U+015F (decimal 351)
   defining Unicode char U+0160 (decimal 352)
   defining Unicode char U+0161 (decimal 353)
   defining Unicode char U+0162 (decimal 354)
   defining Unicode char U+0163 (decimal 355)
   defining Unicode char U+0164 (decimal 356)
   defining Unicode char U+0165 (decimal 357)
   defining Unicode char U+016E (decimal 366)
   defining Unicode char U+016F (decimal 367)
   defining Unicode char U+0170 (decimal 368)
   defining Unicode char U+0171 (decimal 369)
   defining Unicode char U+0178 (decimal 376)
   defining Unicode char U+0179 (decimal 377)
   defining Unicode char U+017A (decimal 378)
   defining Unicode char U+017B (decimal 379)
   defining Unicode char U+017C (decimal 380)
   defining Unicode char U+017D (decimal 381)
   defining Unicode char U+017E (decimal 382)
   defining Unicode char U+200C (decimal 8204)
   defining Unicode char U+2013 (decimal 8211)
   defining Unicode char U+2014 (decimal 8212)
   defining Unicode char U+2018 (decimal 8216)
   defining Unicode char U+2019 (decimal 8217)
   defining Unicode char U+201A (decimal 8218)
   defining Unicode char U+201C (decimal 8220)
   defining Unicode char U+201D (decimal 8221)
   defining Unicode char U+201E (decimal 8222)
   defining Unicode char U+2030 (decimal 8240)
   defining Unicode char U+2031 (decimal 8241)
   defining Unicode char U+2039 (decimal 8249)
   defining Unicode char U+203A (decimal 8250)
   defining Unicode char U+2423 (decimal 9251)
)
Now handling font encoding OT1 ...
... processing UTF-8 mapping file for font encoding OT1

(D:\High-levelSoftware\CTeX\MiKTeX\tex\latex\base\ot1enc.dfu
File: ot1enc.dfu 2008/04/05 v1.1m UTF-8 support for inputenc
   defining Unicode char U+00A1 (decimal 161)
   defining Unicode char U+00A3 (decimal 163)
   defining Unicode char U+00B8 (decimal 184)
   defining Unicode char U+00BF (decimal 191)
   defining Unicode char U+00C5 (decimal 197)
   defining Unicode char U+00C6 (decimal 198)
   defining Unicode char U+00D8 (decimal 216)
   defining Unicode char U+00DF (decimal 223)
   defining Unicode char U+00E6 (decimal 230)
   defining Unicode char U+00EC (decimal 236)
   defining Unicode char U+00ED (decimal 237)
   defining Unicode char U+00EE (decimal 238)
   defining Unicode char U+00EF (decimal 239)
   defining Unicode char U+00F8 (decimal 248)
   defining Unicode char U+0131 (decimal 305)
   defining Unicode char U+0141 (decimal 321)
   defining Unicode char U+0142 (decimal 322)
   defining Unicode char U+0152 (decimal 338)
   defining Unicode char U+0153 (decimal 339)
   defining Unicode char U+2013 (decimal 8211)
   defining Unicode char U+2014 (decimal 8212)
   defining Unicode char U+2018 (decimal 8216)
   defining Unicode char U+2019 (decimal 8217)
   defining Unicode char U+201C (decimal 8220)
   defining Unicode char U+201D (decimal 8221)
)
Now handling font encoding OMS ...
... processing UTF-8 mapping file for font encoding OMS

(D:\High-levelSoftware\CTeX\MiKTeX\tex\latex\base\omsenc.dfu
File: omsenc.dfu 2008/04/05 v1.1m UTF-8 support for inputenc
   defining Unicode char U+00A7 (decimal 167)
   defining Unicode char U+00B6 (decimal 182)
   defining Unicode char U+00B7 (decimal 183)
   defining Unicode char U+2020 (decimal 8224)
   defining Unicode char U+2021 (decimal 8225)
   defining Unicode char U+2022 (decimal 8226)
)
Now handling font encoding OMX ...
... no UTF-8 mapping file for font encoding OMX
Now handling font encoding U ...
... no UTF-8 mapping file for font encoding U
Now handling font encoding TS1 ...
... processing UTF-8 mapping file for font encoding TS1

(D:\High-levelSoftware\CTeX\MiKTeX\tex\latex\base\ts1enc.dfu
File: ts1enc.dfu 2008/04/05 v1.1m UTF-8 support for inputenc
   defining Unicode char U+00A2 (decimal 162)
   defining Unicode char U+00A3 (decimal 163)
   defining Unicode char U+00A4 (decimal 164)
   defining Unicode char U+00A5 (decimal 165)
   defining Unicode char U+00A6 (decimal 166)
   defining Unicode char U+00A7 (decimal 167)
   defining Unicode char U+00A8 (decimal 168)
   defining Unicode char U+00A9 (decimal 169)
   defining Unicode char U+00AA (decimal 170)
   defining Unicode char U+00AC (decimal 172)
   defining Unicode char U+00AE (decimal 174)
   defining Unicode char U+00AF (decimal 175)
   defining Unicode char U+00B0 (decimal 176)
   defining Unicode char U+00B1 (decimal 177)
   defining Unicode char U+00B2 (decimal 178)
   defining Unicode char U+00B3 (decimal 179)
   defining Unicode char U+00B4 (decimal 180)
   defining Unicode char U+00B5 (decimal 181)
   defining Unicode char U+00B6 (decimal 182)
   defining Unicode char U+00B7 (decimal 183)
   defining Unicode char U+00B9 (decimal 185)
   defining Unicode char U+00BA (decimal 186)
   defining Unicode char U+00BC (decimal 188)
   defining Unicode char U+00BD (decimal 189)
   defining Unicode char U+00BE (decimal 190)
   defining Unicode char U+00D7 (decimal 215)
   defining Unicode char U+00F7 (decimal 247)
   defining Unicode char U+0192 (decimal 402)
   defining Unicode char U+02C7 (decimal 711)
   defining Unicode char U+02D8 (decimal 728)
   defining Unicode char U+02DD (decimal 733)
   defining Unicode char U+0E3F (decimal 3647)
   defining Unicode char U+2016 (decimal 8214)
   defining Unicode char U+2020 (decimal 8224)
   defining Unicode char U+2021 (decimal 8225)
   defining Unicode char U+2022 (decimal 8226)
   defining Unicode char U+2030 (decimal 8240)
   defining Unicode char U+2031 (decimal 8241)
   defining Unicode char U+203B (decimal 8251)
   defining Unicode char U+203D (decimal 8253)
   defining Unicode char U+2044 (decimal 8260)
   defining Unicode char U+204E (decimal 8270)
   defining Unicode char U+2052 (decimal 8274)
   defining Unicode char U+20A1 (decimal 8353)
   defining Unicode char U+20A4 (decimal 8356)
   defining Unicode char U+20A6 (decimal 8358)
   defining Unicode char U+20A9 (decimal 8361)
   defining Unicode char U+20AB (decimal 8363)
   defining Unicode char U+20AC (decimal 8364)
   defining Unicode char U+20B1 (decimal 8369)
   defining Unicode char U+2103 (decimal 8451)
   defining Unicode char U+2116 (decimal 8470)
   defining Unicode char U+2117 (decimal 8471)
   defining Unicode char U+211E (decimal 8478)
   defining Unicode char U+2120 (decimal 8480)
   defining Unicode char U+2122 (decimal 8482)
   defining Unicode char U+2126 (decimal 8486)
   defining Unicode char U+2127 (decimal 8487)
   defining Unicode char U+212E (decimal 8494)
   defining Unicode char U+2190 (decimal 8592)
   defining Unicode char U+2191 (decimal 8593)
   defining Unicode char U+2192 (decimal 8594)
   defining Unicode char U+2193 (decimal 8595)
   defining Unicode char U+2329 (decimal 9001)
   defining Unicode char U+232A (decimal 9002)
   defining Unicode char U+2422 (decimal 9250)
   defining Unicode char U+25E6 (decimal 9702)
   defining Unicode char U+25EF (decimal 9711)
   defining Unicode char U+266A (decimal 9834)
)
   defining Unicode char U+00A9 (decimal 169)
   defining Unicode char U+00AA (decimal 170)
   defining Unicode char U+00AE (decimal 174)
   defining Unicode char U+00BA (decimal 186)
   defining Unicode char U+02C6 (decimal 710)
   defining Unicode char U+02DC (decimal 732)
   defining Unicode char U+200C (decimal 8204)
   defining Unicode char U+2026 (decimal 8230)
   defining Unicode char U+2122 (decimal 8482)
   defining Unicode char U+2423 (decimal 9251)
))
(D:\High-levelSoftware\CTeX\MiKTeX\tex\latex\cjk\CJK.sty
Package: CJK 2008/12/29 4.8.2

(D:\High-levelSoftware\CTeX\MiKTeX\tex\latex\cjk\mule\MULEenc.sty
Package: MULEenc 2008/12/29 4.8.2
)
(D:\High-levelSoftware\CTeX\MiKTeX\tex\latex\cjk\CJK.enc
File: CJK.enc 2008/12/29 4.8.2
Now handling font encoding C00 ...
... no UTF-8 mapping file for font encoding C00
Now handling font encoding C05 ...
... no UTF-8 mapping file for font encoding C05
Now handling font encoding C09 ...
... no UTF-8 mapping file for font encoding C09
Now handling font encoding C10 ...
... no UTF-8 mapping file for font encoding C10
Now handling font encoding C20 ...
... no UTF-8 mapping file for font encoding C20
Now handling font encoding C19 ...
... no UTF-8 mapping file for font encoding C19
Now handling font encoding C40 ...
... no UTF-8 mapping file for font encoding C40
Now handling font encoding C42 ...
... no UTF-8 mapping file for font encoding C42
Now handling font encoding C43 ...
... no UTF-8 mapping file for font encoding C43
Now handling font encoding C50 ...
... no UTF-8 mapping file for font encoding C50
Now handling font encoding C52 ...
... no UTF-8 mapping file for font encoding C52
Now handling font encoding C49 ...
... no UTF-8 mapping file for font encoding C49
Now handling font encoding C60 ...
... no UTF-8 mapping file for font encoding C60
Now handling font encoding C61 ...
... no UTF-8 mapping file for font encoding C61
Now handling font encoding C63 ...
... no UTF-8 mapping file for font encoding C63
Now handling font encoding C64 ...
... no UTF-8 mapping file for font encoding C64
Now handling font encoding C65 ...
... no UTF-8 mapping file for font encoding C65
Now handling font encoding C70 ...
... no UTF-8 mapping file for font encoding C70
Now handling font encoding C31 ...
... no UTF-8 mapping file for font encoding C31
Now handling font encoding C32 ...
... no UTF-8 mapping file for font encoding C32
Now handling font encoding C33 ...
... no UTF-8 mapping file for font encoding C33
Now handling font encoding C34 ...
... no UTF-8 mapping file for font encoding C34
Now handling font encoding C35 ...
... no UTF-8 mapping file for font encoding C35
Now handling font encoding C36 ...
... no UTF-8 mapping file for font encoding C36
Now handling font encoding C37 ...
... no UTF-8 mapping file for font encoding C37
Now handling font encoding C80 ...
... no UTF-8 mapping file for font encoding C80
Now handling font encoding C81 ...
... no UTF-8 mapping file for font encoding C81
Now handling font encoding C01 ...
... no UTF-8 mapping file for font encoding C01
Now handling font encoding C11 ...
... no UTF-8 mapping file for font encoding C11
Now handling font encoding C21 ...
... no UTF-8 mapping file for font encoding C21
Now handling font encoding C41 ...
... no UTF-8 mapping file for font encoding C41
Now handling font encoding C62 ...
... no UTF-8 mapping file for font encoding C62
)
LaTeX Info: Redefining \selectfont on input line 756.
\CJK@indent=\box39
)
(D:\High-levelSoftware\CTeX\MiKTeX\tex\latex\base\fontenc.sty
Package: fontenc 2005/09/27 v1.99g Standard LaTeX package
))
(D:\High-levelSoftware\CTeX\CTeX\tex\latex\CJKpunct\CJKpunct.sty
Package: CJKpunct 2010/02/21 4.8.2-2
\CJKpunct@cnta=\count346
\CJKpunct@cntb=\count347
\CJKpunct@cntc=\count348
\CJKpunct@cntd=\count349
\CJKpunct@cnte=\count350
   defining Unicode char U+2018 (decimal 8216)
   defining Unicode char U+2019 (decimal 8217)
   defining Unicode char U+201C (decimal 8220)
   defining Unicode char U+201D (decimal 8221)
   defining Unicode char U+2014 (decimal 8212)
   defining Unicode char U+2026 (decimal 8230)

(D:\High-levelSoftware\CTeX\CTeX\tex\latex\CJKpunct\CJKpunct.spa))
(D:\High-levelSoftware\CTeX\MiKTeX\tex\latex\ctex\engine\ctex-cjk-common.def
\ccwd=\dimen163
)
(D:\High-levelSoftware\CTeX\MiKTeX\tex\latex\ctex\fontset\ctex-cjk-winfonts.def
(D:\High-levelSoftware\CTeX\MiKTeX\tex\generic\zhmetrics\zhwinfonts.tex
(D:\High-levelSoftware\CTeX\MiKTeX\tex\generic\oberdiek\ifpdf.sty
Package ifpdf Info: The package is already loaded, stopped on input line 64.
){D:/High-levelSoftware/CTeX/UserData/pdftex/config/pdftex.map{Unicode.sfd}{UGB
K.sfd}})))
\CTEX@q=\count351
\CTEX@r=\count352
))
(D:\High-levelSoftware\CTeX\MiKTeX\tex\latex\ctex\def\ctex-utf8.def)
(D:\High-levelSoftware\CTeX\MiKTeX\tex\latex\ctex\cfg\ctex.cfg)
Package biblatex Info: Trying to load language 'english'...
Package biblatex Info: ... file 'english.lbx' found.

(D:\High-levelSoftware\CTeX\MiKTeX\tex\latex\biblatex\lbx\english.lbx
File: english.lbx 2011/11/13 v1.7 biblatex localization
)
\@quotelevel=\count353
\@quotereset=\count354

("D:\School Work\Â§ßÂ≠¶\Â§ß‰∫å\Â§ß‰∫åÁÆóÊ≥ïËÆæËÆ°‰∏éÂàÜÊûê\‰π†È¢ò‰Ωú‰∏ö\ÁéãÂÆèÂ
øó\Á¨¨‰∫åËØæ\LaTeX\solution2.aux")
LaTeX Font Info:    Checking defaults for OML/cmm/m/it on input line 17.
LaTeX Font Info:    ... okay on input line 17.
LaTeX Font Info:    Checking defaults for T1/cmr/m/n on input line 17.
LaTeX Font Info:    ... okay on input line 17.
LaTeX Font Info:    Checking defaults for OT1/cmr/m/n on input line 17.
LaTeX Font Info:    ... okay on input line 17.
LaTeX Font Info:    Checking defaults for OMS/cmsy/m/n on input line 17.
LaTeX Font Info:    ... okay on input line 17.
LaTeX Font Info:    Checking defaults for OMX/cmex/m/n on input line 17.
LaTeX Font Info:    ... okay on input line 17.
LaTeX Font Info:    Checking defaults for U/cmr/m/n on input line 17.
LaTeX Font Info:    ... okay on input line 17.
LaTeX Font Info:    Checking defaults for TS1/cmr/m/n on input line 17.
LaTeX Font Info:    ... okay on input line 17.
LaTeX Font Info:    Checking defaults for C00/song/m/n on input line 17.
LaTeX Font Info:    ... okay on input line 17.
LaTeX Font Info:    Checking defaults for C05/song/m/n on input line 17.
LaTeX Font Info:    ... okay on input line 17.
LaTeX Font Info:    Checking defaults for C09/song/m/n on input line 17.
LaTeX Font Info:    ... okay on input line 17.
LaTeX Font Info:    Checking defaults for C10/song/m/n on input line 17.
LaTeX Font Info:    ... okay on input line 17.
LaTeX Font Info:    Checking defaults for C20/song/m/n on input line 17.
LaTeX Font Info:    ... okay on input line 17.
LaTeX Font Info:    Checking defaults for C19/song/m/n on input line 17.
LaTeX Font Info:    ... okay on input line 17.
LaTeX Font Info:    Checking defaults for C40/song/m/n on input line 17.
LaTeX Font Info:    ... okay on input line 17.
LaTeX Font Info:    Checking defaults for C42/song/m/n on input line 17.
LaTeX Font Info:    ... okay on input line 17.
LaTeX Font Info:    Checking defaults for C43/song/m/n on input line 17.
LaTeX Font Info:    ... okay on input line 17.
LaTeX Font Info:    Checking defaults for C50/song/m/n on input line 17.
LaTeX Font Info:    ... okay on input line 17.
LaTeX Font Info:    Checking defaults for C52/song/m/n on input line 17.
LaTeX Font Info:    ... okay on input line 17.
LaTeX Font Info:    Checking defaults for C49/song/m/n on input line 17.
LaTeX Font Info:    ... okay on input line 17.
LaTeX Font Info:    Checking defaults for C60/mj/m/n on input line 17.
LaTeX Font Info:    ... okay on input line 17.
LaTeX Font Info:    Checking defaults for C61/mj/m/n on input line 17.
LaTeX Font Info:    ... okay on input line 17.
LaTeX Font Info:    Checking defaults for C63/mj/m/n on input line 17.
LaTeX Font Info:    ... okay on input line 17.
LaTeX Font Info:    Checking defaults for C64/mj/m/n on input line 17.
LaTeX Font Info:    ... okay on input line 17.
LaTeX Font Info:    Checking defaults for C65/mj/m/n on input line 17.
LaTeX Font Info:    ... okay on input line 17.
LaTeX Font Info:    Checking defaults for C70/song/m/n on input line 17.
LaTeX Font Info:    ... okay on input line 17.
LaTeX Font Info:    Checking defaults for C31/song/m/n on input line 17.
LaTeX Font Info:    ... okay on input line 17.
LaTeX Font Info:    Checking defaults for C32/song/m/n on input line 17.
LaTeX Font Info:    ... okay on input line 17.
LaTeX Font Info:    Checking defaults for C33/song/m/n on input line 17.
LaTeX Font Info:    ... okay on input line 17.
LaTeX Font Info:    Checking defaults for C34/song/m/n on input line 17.
LaTeX Font Info:    ... okay on input line 17.
LaTeX Font Info:    Checking defaults for C35/song/m/n on input line 17.
LaTeX Font Info:    ... okay on input line 17.
LaTeX Font Info:    Checking defaults for C36/song/m/n on input line 17.
LaTeX Font Info:    ... okay on input line 17.
LaTeX Font Info:    Checking defaults for C37/song/m/n on input line 17.
LaTeX Font Info:    ... okay on input line 17.
LaTeX Font Info:    Checking defaults for C80/song/m/n on input line 17.
LaTeX Font Info:    ... okay on input line 17.
LaTeX Font Info:    Checking defaults for C81/song/m/n on input line 17.
LaTeX Font Info:    ... okay on input line 17.
LaTeX Font Info:    Checking defaults for C01/song/m/n on input line 17.
LaTeX Font Info:    ... okay on input line 17.
LaTeX Font Info:    Checking defaults for C11/song/m/n on input line 17.
LaTeX Font Info:    ... okay on input line 17.
LaTeX Font Info:    Checking defaults for C21/song/m/n on input line 17.
LaTeX Font Info:    ... okay on input line 17.
LaTeX Font Info:    Checking defaults for C41/song/m/n on input line 17.
LaTeX Font Info:    ... okay on input line 17.
LaTeX Font Info:    Checking defaults for C62/song/m/n on input line 17.
LaTeX Font Info:    ... okay on input line 17.

(D:\High-levelSoftware\CTeX\MiKTeX\tex\context\base\supp-pdf.mkii
[Loading MPS to PDF converter (version 2006.09.02).]
\scratchcounter=\count355
\scratchdimen=\dimen164
\scratchbox=\box40
\nofMPsegments=\count356
\nofMParguments=\count357
\everyMPshowfont=\toks25
\MPscratchCnt=\count358
\MPscratchDim=\dimen165
\MPnumerator=\count359
\makeMPintoPDFobject=\count360
\everyMPtoPDFconversion=\toks26
)
Package caption Info: Begin \AtBeginDocument code.
Package caption Info: float package is loaded.
Package caption Info: End \AtBeginDocument code.
Package biblatex Info: Input encoding 'utf8' detected.
Package biblatex Info: Automatic encoding selection.
(biblatex)             Assuming data encoding 'utf8'.


Package biblatex Warning: Data encoding is 'utf8'.
(biblatex)                Use backend=biber.

Package biblatex Info: Trying to load bibliographic data...
Package biblatex Info: ... file 'solution2.bbl' found.

("D:\School Work\Â§ßÂ≠¶\Â§ß‰∫å\Â§ß‰∫åÁÆóÊ≥ïËÆæËÆ°‰∏éÂàÜÊûê\‰π†È¢ò‰Ωú‰∏ö\ÁéãÂÆèÂ
øó\Á¨¨‰∫åËØæ\LaTeX\solution2.bbl")
Package biblatex Info: Reference section=0 on input line 17.
Package biblatex Info: Reference segment=0 on input line 17.
Package lastpage Info: Please have a look at the pageslts package at
(lastpage)             http://www.ctan.org/tex-archive/ 
(lastpage)             macros/latex/contrib/pageslts/ 
(lastpage)             or
(lastpage)             http://www.ctan.org/tex-archive/ 
(lastpage)             install/macros/latex/contrib/pageslts.tds.zip
(lastpage)             ! on input line 17.

*geometry* driver: auto-detecting
*geometry* detected driver: pdftex
*geometry* verbose mode - [ preamble ] result:
* driver: pdftex
* paper: <default>
* layout: <same size as paper>
* layoutoffset:(h,v)=(0.0pt,0.0pt)
* modes: 
* h-part:(L,W,R)=(71.13188pt, 472.03123pt, 71.13188pt)
* v-part:(T,H,B)=(85.35826pt, 624.25346pt, 85.35826pt)
* \paperwidth=614.295pt
* \paperheight=794.96999pt
* \textwidth=472.03123pt
* \textheight=624.25346pt
* \oddsidemargin=-1.1381pt
* \evensidemargin=-1.1381pt
* \topmargin=-23.91173pt
* \headheight=12.0pt
* \headsep=25.0pt
* \topskip=12.0pt
* \footskip=30.0pt
* \marginparwidth=44.0pt
* \marginparsep=10.0pt
* \columnsep=10.0pt
* \skip\footins=10.8pt plus 4.0pt minus 2.0pt
* \hoffset=0.0pt
* \voffset=0.0pt
* \mag=1000
* \@twocolumnfalse
* \@twosidefalse
* \@mparswitchfalse
* \@reversemarginfalse
* (1in=72.27pt=25.4mm, 1cm=28.453pt)

(D:\High-levelSoftware\CTeX\MiKTeX\tex\latex\cjk\UTF8\UTF8.bdg
File: UTF8.bdg 2008/12/29 4.8.2
)
(D:\High-levelSoftware\CTeX\MiKTeX\tex\latex\cjk\UTF8\UTF8.enc
File: UTF8.enc 2008/12/29 4.8.2
)
(D:\High-levelSoftware\CTeX\MiKTeX\tex\latex\cjk\UTF8\UTF8.chr
File: UTF8.chr 2008/12/29 4.8.2
)
LaTeX Font Info:    Try loading font information for C70+rm on input line 18.

(D:\High-levelSoftware\CTeX\MiKTeX\tex\latex\ctex\fd\c70rm.fd
File: c70rm.fd 2007/05/06 v0.8a ctexutf8 font definition file
)
Package CJKpunct Info: punctuation spaces for family 'zhsong' do not exist. Use
 family 'def' instead. on input line 22.

Overfull \hbox (24.01056pt too wide) in paragraph at lines 30--31
[]\C70/rm/m/n/12/75 1 \C70/rm/m/n/12/5b ö \C70/rm/m/n/12/4e I|\C70/rm/m/n/12/ff
 | $\OMS/cmsy/m/n/12 9\OML/cmm/m/it/12 c[]; c[] > \OT1/cmr/m/n/12 0\OML/cmm/m/
it/12 ; n[] s:t:\OMS/cmsy/m/n/12 8\OML/cmm/m/it/12 n > n[]; c[]f\OT1/cmr/m/n/12
 (\OML/cmm/m/it/12 n\OT1/cmr/m/n/12 ) \OMS/cmsy/m/n/12  \OML/cmm/m/it/12 \OT1
/cmr/m/n/12 (\OML/cmm/m/it/12 f\OT1/cmr/m/n/12 (\OML/cmm/m/it/12 n\OT1/cmr/m/n/
12 )) \OMS/cmsy/m/n/12  \OML/cmm/m/it/12 c[]f\OT1/cmr/m/n/12 (\OML/cmm/m/it/12
 n\OT1/cmr/m/n/12 )$|\C70/rm/m/n/12/ff | \C70/rm/m/n/12/4e Â \C70/rm/m/n/12/53
  $\OMS/cmsy/m/n/12 8\OML/cmm/m/it/12 c[] > \OT1/cmr/m/n/12 0\OML/cmm/m/it/12 ;
 n[] s:t:\OMS/cmsy/m/n/12 8\OML/cmm/m/it/12 n >$
 []


Overfull \hbox (1.5113pt too wide) in paragraph at lines 48--49
[]\OT1/cmr/m/n/12 (5)\C70/rm/m/n/12/75 1\OT1/cmr/m/n/12 Strling\C70/rm/m/n/12/5
1 l \C70/rm/m/n/12/5f  \C70/rm/m/n/12/77 Â$\OML/cmm/m/it/12 n\OT1/cmr/m/n/12 !
 \OMS/cmsy/m/n/12  [] [][]$|\C70/rm/m/n/12/ff | \C70/rm/m/n/12/4e é \C70/rm/m
/n/12/66 /$[] \OML/cmm/m/it/12 n\OT1/cmr/m/n/12 ! \OMS/cmsy/m/n/12  [] [] [] \
OT1/cmr/m/n/12 + \OML/cmm/m/it/12 n\OT1/cmr/m/n/12 ([] \OML/cmm/m/it/12 n \OMS/
cmsy/m/n/12   [] \OML/cmm/m/it/12 e\OT1/cmr/m/n/12 ) = \OML/cmm/m/it/12 \OT1/c
mr/m/n/12 (\OML/cmm/m/it/12 n [] n\OT1/cmr/m/n/12 )$ 
 []

[1

] 
AED: lastpage setting LastPage

("D:\School Work\Â§ßÂ≠¶\Â§ß‰∫å\Â§ß‰∫åÁÆóÊ≥ïËÆæËÆ°‰∏éÂàÜÊûê\‰π†È¢ò‰Ωú‰∏ö\ÁéãÂÆèÂ
øó\Á¨¨‰∫åËØæ\LaTeX\solution2.aux")
Package logreq Info: Writing requests to 'solution2.run.xml'.
 ) 
Here is how much of TeX's memory you used:
 15103 strings out of 495354
 246455 string characters out of 3182795
 390335 words of memory out of 3000000
 17966 multiletter control sequences out of 15000+200000
 10884 words of font info for 39 fonts, out of 3000000 for 9000
 14 hyphenation exceptions out of 8191
 40i,5n,43p,829b,859s stack positions out of 5000i,500n,10000p,200000b,50000s
<C:/Windows/Fonts/simsun.ttc><C:/Windows/Fonts/simsun.ttc><C:/Windows/Fonts/s
imsun.ttc><C:/Windows/Fonts/simsun.ttc><C:/Windows/Fonts/simsun.ttc><C:/Windows
/Fonts/simsun.ttc><C:/Windows/Fonts/simsun.ttc><C:/Windows/Fonts/simsun.ttc><C:
/Windows/Fonts/simsun.ttc><C:/Windows/Fonts/simsun.ttc><C:/Windows/Fonts/simsun
.ttc><C:/Windows/Fonts/simsun.ttc><C:/Windows/Fonts/simsun.ttc><D:/High-levelSo
ftware/CTeX/MiKTeX/fonts/type1/public/amsfonts/cm/cmex10.pfb><D:/High-levelSoft
ware/CTeX/MiKTeX/fonts/type1/public/amsfonts/cm/cmmi12.pfb><D:/High-levelSoftwa
re/CTeX/MiKTeX/fonts/type1/public/amsfonts/cm/cmmi6.pfb><D:/High-levelSoftware/
CTeX/MiKTeX/fonts/type1/public/amsfonts/cm/cmmi8.pfb><D:/High-levelSoftware/CTe
X/MiKTeX/fonts/type1/public/amsfonts/cm/cmr12.pfb><D:/High-levelSoftware/CTeX/M
iKTeX/fonts/type1/public/amsfonts/cm/cmr6.pfb><D:/High-levelSoftware/CTeX/MiKTe
X/fonts/type1/public/amsfonts/cm/cmr8.pfb><D:/High-levelSoftware/CTeX/MiKTeX/fo
nts/type1/public/amsfonts/cm/cmsy10.pfb><D:/High-levelSoftware/CTeX/MiKTeX/font
s/type1/public/amsfonts/cm/cmsy8.pfb>
Output written on solution2.pdf (1 page, 149324 bytes).
PDF statistics:
 107 PDF objects out of 1000 (max. 8388607)
 0 named destinations out of 1000 (max. 500000)
 53 words of extra memory for PDF output out of 10000 (max. 10000000)

